<?xml version="1.0" encoding="UTF-8"?>
<testng-results ignored="0" total="4" passed="4" failed="0" skipped="0">
  <reporter-output>
  </reporter-output>
  <suite started-at="2025-10-01T17:36:49 IST" name="Loan Department" finished-at="2025-10-01T17:36:49 IST" duration-ms="173">
    <groups>
      <group name="Smoke">
        <method signature="demo2.PersonalLoan(java.lang.String,java.lang.String)[pri:0, instance:TestNG.demo2@1b7cc17c]" name="PersonalLoan" class="TestNG.demo2"/>
      </group> <!-- Smoke -->
    </groups>
    <test started-at="2025-10-01T17:36:49 IST" name="Personal Loan" finished-at="2025-10-01T17:36:49 IST" duration-ms="173">
      <class name="TestNG.demo2">
        <test-method signature="EMIcalculation(java.lang.String,java.lang.String)[pri:0, instance:TestNG.demo2@1b7cc17c]" started-at="2025-10-01T17:36:49 IST" name="EMIcalculation" data-provider="getData" finished-at="2025-10-01T17:36:49 IST" duration-ms="21" status="PASS">
          <params>
            <param index="0">
              <value>
                <![CDATA[Username0]]>
              </value>
            </param>
            <param index="1">
              <value>
                <![CDATA[Password0]]>
              </value>
            </param>
          </params>
          <reporter-output>
          </reporter-output>
        </test-method> <!-- EMIcalculation -->
        <test-method signature="EMIcalculation(java.lang.String,java.lang.String)[pri:0, instance:TestNG.demo2@1b7cc17c]" started-at="2025-10-01T17:36:49 IST" name="EMIcalculation" data-provider="getData" finished-at="2025-10-01T17:36:49 IST" duration-ms="7" status="PASS">
          <params>
            <param index="0">
              <value>
                <![CDATA[Username1]]>
              </value>
            </param>
            <param index="1">
              <value>
                <![CDATA[Password1]]>
              </value>
            </param>
          </params>
          <reporter-output>
          </reporter-output>
        </test-method> <!-- EMIcalculation -->
        <test-method signature="EMIcalculation(java.lang.String,java.lang.String)[pri:0, instance:TestNG.demo2@1b7cc17c]" started-at="2025-10-01T17:36:49 IST" name="EMIcalculation" data-provider="getData" finished-at="2025-10-01T17:36:49 IST" duration-ms="9" status="PASS">
          <params>
            <param index="0">
              <value>
                <![CDATA[Username2]]>
              </value>
            </param>
            <param index="1">
              <value>
                <![CDATA[Password2]]>
              </value>
            </param>
          </params>
          <reporter-output>
          </reporter-output>
        </test-method> <!-- EMIcalculation -->
        <test-method signature="PersonalLoan(java.lang.String,java.lang.String)[pri:0, instance:TestNG.demo2@1b7cc17c]" started-at="2025-10-01T17:36:49 IST" name="PersonalLoan" finished-at="2025-10-01T17:36:49 IST" duration-ms="2" status="PASS">
          <params>
            <param index="0">
              <value>
                <![CDATA[www.personalLoan.com]]>
              </value>
            </param>
            <param index="1">
              <value>
                <![CDATA[APIKEY-SHA256-AKJBDWDHHJFDHB]]>
              </value>
            </param>
          </params>
          <reporter-output>
          </reporter-output>
        </test-method> <!-- PersonalLoan -->
      </class> <!-- TestNG.demo2 -->
    </test> <!-- Personal Loan -->
  </suite> <!-- Loan Department -->
</testng-results>
