<?xml version="1.0" encoding="UTF-8"?>
<testng-results ignored="0" total="1" passed="1" failed="0" skipped="0">
  <reporter-output>
  </reporter-output>
  <suite started-at="2025-10-07T11:47:05 IST" name="Default suite" finished-at="2025-10-07T11:47:05 IST" duration-ms="156">
    <groups>
    </groups>
    <test started-at="2025-10-07T11:47:05 IST" name="Default test" finished-at="2025-10-07T11:47:05 IST" duration-ms="156">
      <class name="ps1">
        <test-method is-config="true" signature="beforeRun()[pri:0, instance:ps1@6069db50]" started-at="2025-10-07T11:47:05 IST" name="beforeRun" finished-at="2025-10-07T11:47:05 IST" duration-ms="19" status="PASS">
          <reporter-output>
          </reporter-output>
        </test-method> <!-- beforeRun -->
        <test-method signature="testRun()[pri:0, instance:ps1@6069db50]" started-at="2025-10-07T11:47:05 IST" name="testRun" finished-at="2025-10-07T11:47:05 IST" duration-ms="38" status="PASS">
          <reporter-output>
          </reporter-output>
        </test-method> <!-- testRun -->
        <test-method is-config="true" signature="AfterRun()[pri:0, instance:ps1@6069db50]" started-at="2025-10-07T11:47:05 IST" name="AfterRun" finished-at="2025-10-07T11:47:05 IST" duration-ms="3" status="PASS">
          <reporter-output>
          </reporter-output>
        </test-method> <!-- AfterRun -->
      </class> <!-- ps1 -->
    </test> <!-- Default test -->
  </suite> <!-- Default suite -->
</testng-results>
