<?xml version="1.0" encoding="UTF-8"?>
<!-- Generated by org.testng.reporters.JUnitXMLReporter -->
<testsuite ignored="0" hostname="Himalaya-Laptop" failures="0" tests="4" name="Test" time="0.164" errors="0" timestamp="2025-10-01T10:42:56 IST">
  <testcase classname="TestNG.demo" name="helloworld" time="0.022"/>
  <testcase classname="TestNG.demo" name="secondTest" time="0.005"/>
  <testcase classname="TestNG.demo2" name="EMIcalculation" time="0.002"/>
  <testcase classname="TestNG.demo2" name="PersonalLoan" time="0.007"/>
</testsuite> <!-- Test -->
