<?xml version="1.0" encoding="UTF-8"?>
<!-- Generated by org.testng.reporters.JUnitXMLReporter -->
<testsuite ignored="4" hostname="Himalaya-Laptop" failures="0" tests="1" name="Car Loan" time="0.028" errors="0" timestamp="2025-10-01T17:18:04 IST">
  <testcase classname="TestNG.demo3" name="MobileLoginCarLoan" time="0.009"/>
  <testcase classname="TestNG.demo3" name="MobileSignInCarLoan" time="0.0">
    <ignored/>
  </testcase> <!-- MobileSignInCarLoan -->
  <testcase classname="TestNG.demo3" name="APILoignCar" time="0.0">
    <ignored/>
  </testcase> <!-- APILoignCar -->
  <testcase classname="TestNG.demo3" name="MobileSignOutCarLoan" time="0.0">
    <ignored/>
  </testcase> <!-- MobileSignOutCarLoan -->
  <testcase classname="TestNG.demo3" name="WebLoginCarLoan" time="0.0">
    <ignored/>
  </testcase> <!-- WebLoginCarLoan -->
</testsuite> <!-- Car Loan -->
