<?xml version="1.0" encoding="UTF-8"?>
<!-- Generated by org.testng.reporters.JUnitXMLReporter -->
<testsuite ignored="2" hostname="Himalaya-Laptop" failures="0" tests="3" name="Car Loan" time="0.073" errors="0" timestamp="2025-10-01T14:03:46 IST">
  <testcase classname="TestNG.demo3" name="MobileLoginCarLoan" time="0.008"/>
  <testcase classname="TestNG.demo3" name="MobileSignInCarLoan" time="0.009"/>
  <testcase classname="TestNG.demo3" name="MobileSignOutCarLoan" time="0.008"/>
  <testcase classname="TestNG.demo3" name="LoignCarAPI" time="0.0">
    <ignored/>
  </testcase> <!-- LoignCarAPI -->
  <testcase classname="TestNG.demo3" name="WebLoginCarLoan" time="0.0">
    <ignored/>
  </testcase> <!-- WebLoginCarLoan -->
</testsuite> <!-- Car Loan -->
