<?xml version="1.0" encoding="UTF-8"?>
<!-- Generated by org.testng.reporters.JUnitXMLReporter -->
<testsuite ignored="2" hostname="Himalaya-Laptop" failures="0" tests="1" name="Home Loan" time="0.155" errors="0" timestamp="2025-10-07T11:01:48 IST">
  <testcase classname="TestNG.demo4" name="LoignHomeAPI" time="0.011"/>
  <testcase classname="TestNG.demo4" name="MobileLoginHomeLoan" time="0.0">
    <ignored/>
  </testcase> <!-- MobileLoginHomeLoan -->
  <testcase classname="TestNG.demo4" name="WebLoginHomeLoan" time="0.0">
    <ignored/>
  </testcase> <!-- WebLoginHomeLoan -->
</testsuite> <!-- Home Loan -->
