<?xml version="1.0" encoding="UTF-8"?>
<!-- Generated by org.testng.reporters.JUnitXMLReporter -->
<testsuite ignored="0" hostname="Himalaya-Laptop" failures="0" tests="4" name="Personal Loan" time="0.173" errors="0" timestamp="2025-10-01T17:36:49 IST">
  <testcase classname="TestNG.demo2" name="EMIcalculation" time="0.021"/>
  <testcase classname="TestNG.demo2" name="EMIcalculation" time="0.007"/>
  <testcase classname="TestNG.demo2" name="EMIcalculation" time="0.009"/>
  <testcase classname="TestNG.demo2" name="PersonalLoan" time="0.002"/>
</testsuite> <!-- Personal Loan -->
