<?xml version="1.0" encoding="UTF-8"?>
<!-- Generated by org.testng.reporters.JUnitXMLReporter -->
<testsuite ignored="0" hostname="Himalaya-Laptop" failures="2" tests="6" name="Personal Loan" time="0.427" errors="0" timestamp="2025-10-07T11:01:48 IST">
  <testcase classname="TestNG.demo" name="helloworld" time="0.03"/>
  <testcase classname="TestNG.demo" name="secondTest" time="0.0">
    <failure type="org.testng.TestNGException" message="
Parameter &amp;apos;APIKey&amp;apos; is required by @Test on method secondTest but has not been marked @Optional or defined
in I:\Coding_journey\Selenium-WebDriver-with-Java--Basics-to-Advanced-Frameworks_RahulShetty\TestNGTutorial\testng.xml">
      <![CDATA[org.testng.TestNGException: 
Parameter 'APIKey' is required by @Test on method secondTest but has not been marked @Optional or defined
in I:\Coding_journey\Selenium-WebDriver-with-Java--Basics-to-Advanced-Frameworks_RahulShetty\TestNGTutorial\testng.xml
at java.base/java.util.ArrayList.forEach(ArrayList.java:1596)
at java.base/java.util.concurrent.FutureTask.run(FutureTask.java:317)
at java.base/java.util.concurrent.ThreadPoolExecutor.runWorker(ThreadPoolExecutor.java:1144)
at java.base/java.util.concurrent.ThreadPoolExecutor$Worker.run(ThreadPoolExecutor.java:642)
at java.base/java.lang.Thread.run(Thread.java:1583)
... Removed 16 stack frames]]>
    </failure>
  </testcase> <!-- secondTest -->
  <testcase classname="TestNG.demo2" name="EMIcalculation" time="0.01"/>
  <testcase classname="TestNG.demo2" name="EMIcalculation" time="0.004"/>
  <testcase classname="TestNG.demo2" name="EMIcalculation" time="0.031"/>
  <testcase classname="TestNG.demo2" name="PersonalLoan" time="0.0">
    <failure type="org.testng.TestNGException" message="
Parameter &amp;apos;APIKey&amp;apos; is required by @Test on method PersonalLoan but has not been marked @Optional or defined
in I:\Coding_journey\Selenium-WebDriver-with-Java--Basics-to-Advanced-Frameworks_RahulShetty\TestNGTutorial\testng.xml">
      <![CDATA[org.testng.TestNGException: 
Parameter 'APIKey' is required by @Test on method PersonalLoan but has not been marked @Optional or defined
in I:\Coding_journey\Selenium-WebDriver-with-Java--Basics-to-Advanced-Frameworks_RahulShetty\TestNGTutorial\testng.xml
at java.base/java.util.ArrayList.forEach(ArrayList.java:1596)
at java.base/java.util.concurrent.FutureTask.run(FutureTask.java:317)
at java.base/java.util.concurrent.ThreadPoolExecutor.runWorker(ThreadPoolExecutor.java:1144)
at java.base/java.util.concurrent.ThreadPoolExecutor$Worker.run(ThreadPoolExecutor.java:642)
at java.base/java.lang.Thread.run(Thread.java:1583)
... Removed 16 stack frames]]>
    </failure>
  </testcase> <!-- PersonalLoan -->
</testsuite> <!-- Personal Loan -->
