<?xml version="1.0" encoding="UTF-8"?>
<!-- Generated by org.testng.reporters.JUnitXMLReporter -->
<testsuite ignored="8" hostname="Himalaya-Laptop" failures="0" tests="4" name="Regression" time="0.174" errors="0" timestamp="2025-10-01T16:48:05 IST">
  <testcase classname="TestNG.demo" name="secondTest" time="0.036"/>
  <testcase classname="TestNG.demo2" name="PersonalLoan" time="0.004"/>
  <testcase classname="TestNG.demo3" name="MobileLoginCarLoan" time="0.005"/>
  <testcase classname="TestNG.demo4" name="LoignHomeAPI" time="0.004"/>
  <testcase classname="TestNG.demo2" name="EMIcalculation" time="0.0">
    <ignored/>
  </testcase> <!-- EMIcalculation -->
  <testcase classname="TestNG.demo3" name="WebLoginCarLoan" time="0.0">
    <ignored/>
  </testcase> <!-- WebLoginCarLoan -->
  <testcase classname="TestNG.demo4" name="MobileLoginHomeLoan" time="0.0">
    <ignored/>
  </testcase> <!-- MobileLoginHomeLoan -->
  <testcase classname="TestNG.demo3" name="MobileSignOutCarLoan" time="0.0">
    <ignored/>
  </testcase> <!-- MobileSignOutCarLoan -->
  <testcase classname="TestNG.demo" name="helloworld" time="0.0">
    <ignored/>
  </testcase> <!-- helloworld -->
  <testcase classname="TestNG.demo4" name="WebLoginHomeLoan" time="0.0">
    <ignored/>
  </testcase> <!-- WebLoginHomeLoan -->
  <testcase classname="TestNG.demo3" name="APILoignCar" time="0.0">
    <ignored/>
  </testcase> <!-- APILoignCar -->
  <testcase classname="TestNG.demo3" name="MobileSignInCarLoan" time="0.0">
    <ignored/>
  </testcase> <!-- MobileSignInCarLoan -->
</testsuite> <!-- Regression -->
