<?xml version="1.0" encoding="UTF-8"?>
<!-- Generated by org.testng.reporters.JUnitReportReporter -->
<testsuite hostname="Himalaya-Laptop" failures="0" tests="2" name="RahulShettyAcademy.tests.SubmitOrderTest" time="110.088" errors="0" timestamp="2025-10-12T23:08:31 IST" skipped="0">
  <testcase classname="RahulShettyAcademy.tests.SubmitOrderTest" name="OrderHistoryTest" time="18.545"/>
  <testcase classname="RahulShettyAcademy.tests.SubmitOrderTest" name="submitOrder" time="91.543"/>
</testsuite> <!-- RahulShettyAcademy.tests.SubmitOrderTest -->
