<?xml version="1.0" encoding="UTF-8"?>
<!-- Generated by org.testng.reporters.JUnitReportReporter -->
<testsuite hostname="Himalaya-Laptop" failures="0" tests="2" name="RahulShettyAcademy.tests.ErrorValidation" time="37.439" errors="0" timestamp="2025-10-12T16:04:14 IST" skipped="0">
  <testcase classname="RahulShettyAcademy.tests.ErrorValidation" name="LoginErrorValidation" time="11.347"/>
  <testcase classname="RahulShettyAcademy.tests.ErrorValidation" name="ProductErrorValidation" time="26.092"/>
</testsuite> <!-- RahulShettyAcademy.tests.ErrorValidation -->
