<?xml version="1.0" encoding="UTF-8"?>
<testng-results ignored="3" total="4" passed="1" failed="0" skipped="0">
  <reporter-output>
  </reporter-output>
  <suite started-at="2025-10-12T23:20:05 IST" name="Suite" finished-at="2025-10-12T23:20:24 IST" duration-ms="18569">
    <groups>
      <group name="ErrorHandling">
        <method signature="ErrorValidation.LoginErrorValidation()[pri:0, instance:RahulShettyAcademy.tests.ErrorValidation@bccb269]" name="LoginErrorValidation" class="RahulShettyAcademy.tests.ErrorValidation"/>
      </group> <!-- ErrorHandling -->
    </groups>
    <test started-at="2025-10-12T23:20:05 IST" name="Submit Order Tests" finished-at="2025-10-12T23:20:05 IST" duration-ms="29">
    </test> <!-- Submit Order Tests -->
    <test started-at="2025-10-12T23:20:05 IST" name="Error Validation Tests" finished-at="2025-10-12T23:20:24 IST" duration-ms="18569">
      <class name="RahulShettyAcademy.tests.ErrorValidation">
        <test-method is-config="true" signature="launchApplication()[pri:0, instance:RahulShettyAcademy.tests.ErrorValidation@bccb269]" started-at="2025-10-12T23:20:05 IST" name="launchApplication" finished-at="2025-10-12T23:20:20 IST" duration-ms="14285" status="PASS">
          <reporter-output>
          </reporter-output>
        </test-method> <!-- launchApplication -->
        <test-method signature="LoginErrorValidation()[pri:0, instance:RahulShettyAcademy.tests.ErrorValidation@bccb269]" started-at="2025-10-12T23:20:20 IST" name="LoginErrorValidation" finished-at="2025-10-12T23:20:20 IST" duration-ms="783" status="PASS">
          <reporter-output>
          </reporter-output>
        </test-method> <!-- LoginErrorValidation -->
        <test-method is-config="true" signature="tearDown()[pri:0, instance:RahulShettyAcademy.tests.ErrorValidation@bccb269]" started-at="2025-10-12T23:20:21 IST" name="tearDown" finished-at="2025-10-12T23:20:24 IST" duration-ms="3378" status="PASS">
          <reporter-output>
          </reporter-output>
        </test-method> <!-- tearDown -->
      </class> <!-- RahulShettyAcademy.tests.ErrorValidation -->
    </test> <!-- Error Validation Tests -->
  </suite> <!-- Suite -->
</testng-results>
