<?xml version="1.0" encoding="UTF-8"?>
<!-- Generated by org.testng.reporters.JUnitXMLReporter -->
<testsuite ignored="0" hostname="Himalaya-Laptop" failures="0" tests="2" name="Error Validation Tests" time="37.453" errors="0" timestamp="2025-10-12T16:04:14 IST">
  <testcase classname="RahulShettyAcademy.tests.ErrorValidation" name="LoginErrorValidation" time="0.745"/>
  <testcase classname="RahulShettyAcademy.tests.ErrorValidation" name="ProductErrorValidation" time="14.3"/>
</testsuite> <!-- Error Validation Tests -->
