<?xml version="1.0" encoding="UTF-8"?>
<!-- Generated by org.testng.reporters.JUnitXMLReporter -->
<testsuite ignored="1" hostname="Himalaya-Laptop" failures="0" tests="1" name="Error Validation Tests" time="18.569" errors="0" timestamp="2025-10-12T23:20:24 IST">
  <testcase classname="RahulShettyAcademy.tests.ErrorValidation" name="LoginErrorValidation" time="0.783"/>
  <testcase classname="RahulShettyAcademy.tests.ErrorValidation" name="ProductErrorValidation" time="0.0">
    <ignored/>
  </testcase> <!-- ProductErrorValidation -->
</testsuite> <!-- Error Validation Tests -->
