<?xml version="1.0" encoding="UTF-8"?>
<!-- Generated by org.testng.reporters.JUnitReportReporter -->
<testsuite hostname="Himalaya-Laptop" failures="0" tests="4" name="TestNG.demo3" time="0.103" errors="0" timestamp="2025-10-07T11:01:49 IST" skipped="0">
  <testcase classname="TestNG.demo3" name="MobileSignOutCarLoan" time="0.039"/>
  <testcase classname="TestNG.demo3" name="MobileLoginCarLoan" time="0.027"/>
  <testcase classname="TestNG.demo3" name="MobileSignInCarLoan" time="0.019"/>
  <testcase classname="TestNG.demo3" name="WebLoginCarLoan" time="0.018"/>
</testsuite> <!-- TestNG.demo3 -->
