<?xml version="1.0" encoding="UTF-8"?>
<!-- Generated by org.testng.reporters.JUnitReportReporter -->
<testsuite hostname="Himalaya-Laptop" failures="0" tests="5" name="TestNG.demo3" time="0.086" errors="0" timestamp="2025-10-01T16:37:19 IST" skipped="0">
  <testcase classname="TestNG.demo3" name="APILoignCar" time="0.048"/>
  <testcase classname="TestNG.demo3" name="MobileSignOutCarLoan" time="0.009"/>
  <testcase classname="TestNG.demo3" name="MobileLoginCarLoan" time="0.010"/>
  <testcase classname="TestNG.demo3" name="MobileSignInCarLoan" time="0.007"/>
  <testcase classname="TestNG.demo3" name="WebLoginCarLoan" time="0.012"/>
</testsuite> <!-- TestNG.demo3 -->
