<?xml version="1.0" encoding="UTF-8"?>
<!-- Generated by org.testng.reporters.JUnitReportReporter -->
<testsuite hostname="Himalaya-Laptop" failures="0" tests="3" name="TestNG.demo4" time="0.022" errors="0" timestamp="2025-10-01T14:09:58 IST" skipped="0">
  <testcase classname="TestNG.demo4" name="WebLoginHomeLoan" time="0.011"/>
  <testcase classname="TestNG.demo4" name="MobileLoginHomeLoan" time="0.006"/>
  <testcase classname="TestNG.demo4" name="LoignHomeAPI" time="0.005"/>
</testsuite> <!-- TestNG.demo4 -->
