<?xml version="1.0" encoding="UTF-8"?>
<!-- Generated by org.testng.reporters.JUnitReportReporter -->
<testsuite hostname="Himalaya-Laptop" failures="0" tests="4" name="TestNG.demo2" time="0.039" errors="0" timestamp="2025-10-01T17:36:49 IST" skipped="0">
  <testcase classname="TestNG.demo2" name="PersonalLoan" time="0.002"/>
  <testcase classname="TestNG.demo2" name="EMIcalculation" time="0.007"/>
  <testcase classname="TestNG.demo2" name="EMIcalculation" time="0.009"/>
  <testcase classname="TestNG.demo2" name="EMIcalculation" time="0.021"/>
</testsuite> <!-- TestNG.demo2 -->
