<?xml version="1.0" encoding="UTF-8"?>
<!-- Generated by org.testng.reporters.JUnitXMLReporter -->
<testsuite ignored="0" hostname="Himalaya-Laptop" failures="0" tests="5" name="Default test" time="0.326" errors="0" timestamp="2025-10-01T16:37:18 IST">
  <testcase classname="TestNG.demo3" name="APILoignCar" time="0.046"/>
  <testcase classname="TestNG.demo3" name="MobileLoginCarLoan" time="0.005"/>
  <testcase classname="TestNG.demo3" name="MobileSignInCarLoan" time="0.005"/>
  <testcase classname="TestNG.demo3" name="MobileSignOutCarLoan" time="0.005"/>
  <testcase classname="TestNG.demo3" name="WebLoginCarLoan" time="0.008"/>
</testsuite> <!-- Default test -->
